<?xml version="1.0" encoding="UTF-8"?>
<!-- Generated by org.testng.reporters.JUnitReportReporter -->
<testsuite skipped="0" hostname="Bansal" name="test.LoginTest" tests="1" failures="0" timestamp="08 Jan 2020 06:11:08 GMT" time="4.903" errors="0">
  <testcase name="LoginTest_Test" time="4.903" classname="test.LoginTest"/>
</testsuite> <!-- test.LoginTest -->
