<?xml version="1.0" encoding="UTF-8"?>
<!-- Generated by org.testng.reporters.JUnitReportReporter -->
<testsuite skipped="0" hostname="Bansal" name="test.AutomationFormTest" tests="4" failures="0" timestamp="08 Jan 2020 17:50:19 GMT" time="44.917" errors="0">
  <testcase name="TestCase1" time="5.304" classname="test.AutomationFormTest"/>
  <testcase name="TestCase2" time="2.885" classname="test.AutomationFormTest"/>
  <testcase name="TestCase3" time="2.565" classname="test.AutomationFormTest"/>
  <testcase name="TestCase4" time="34.163" classname="test.AutomationFormTest"/>
</testsuite> <!-- test.AutomationFormTest -->
