<?xml version="1.0" encoding="UTF-8"?>
<!-- Generated by org.testng.reporters.JUnitReportReporter -->
<testsuite skipped="0" hostname="Bansal" name="test.AutomationFormTest" tests="2" failures="0" timestamp="11 Jan 2020 12:17:14 GMT" time="11.419" errors="0">
  <testcase name="TestCase4" time="10.798" classname="test.AutomationFormTest"/>
  <testcase name="TestCase5" time="0.621" classname="test.AutomationFormTest"/>
</testsuite> <!-- test.AutomationFormTest -->
